This file contains any messages produced by compilers while
running configure, to aid debugging if configure makes a mistake.

It was created by libgpiod configure 1.4.1, which was
generated by GNU Autoconf 2.69.  Invocation command line was

  $ ./configure --target=arm-buildroot-linux-gnueabihf --host=arm-buildroot-linux-gnueabihf --build=x86_64-pc-linux-gnu --prefix=/usr --exec-prefix=/usr --sysconfdir=/etc --localstatedir=/var --program-prefix= --disable-gtk-doc --disable-gtk-doc-html --disable-doc --disable-docs --disable-documentation --with-xmlto=no --with-fop=no --disable-dependency-tracking --enable-ipv6 --disable-nls --disable-static --enable-shared --enable-tools --enable-bindings-cxx --disable-bindings-python

## --------- ##
## Platform. ##
## --------- ##

hostname = Raju-Mac
uname -m = x86_64
uname -r = 5.4.0-42-generic
uname -s = Linux
uname -v = #46~18.04.1-Ubuntu SMP Fri Jul 10 07:21:24 UTC 2020

/usr/bin/uname -p = unknown
/bin/uname -X     = unknown

/bin/arch              = unknown
/usr/bin/arch -k       = unknown
/usr/convex/getsysinfo = unknown
/usr/bin/hostinfo      = unknown
/bin/machine           = unknown
/usr/bin/oslevel       = unknown
/bin/universe          = unknown

PATH: /home/raju/Projects/buildroot/output/host/bin
PATH: /home/raju/Projects/buildroot/output/host/sbin
PATH: /usr/local/sbin
PATH: /usr/local/bin
PATH: /usr/sbin
PATH: /usr/bin
PATH: /sbin
PATH: /bin
PATH: /usr/games
PATH: /usr/local/games
PATH: /snap/bin


## ----------- ##
## Core tests. ##
## ----------- ##

configure:2500: checking for a BSD-compatible install
configure:2568: result: /usr/bin/install -c
configure:2579: checking whether build environment is sane
configure:2634: result: yes
configure:2693: checking for arm-buildroot-linux-gnueabihf-strip
configure:2720: result: /home/raju/Projects/buildroot/output/host/bin/arm-none-linux-gnueabihf-strip
configure:2785: checking for a thread-safe mkdir -p
configure:2824: result: /bin/mkdir -p
configure:2831: checking for gawk
configure:2861: result: no
configure:2831: checking for mawk
configure:2847: found /usr/bin/mawk
configure:2858: result: mawk
configure:2869: checking whether make sets $(MAKE)
configure:2891: result: yes
configure:2920: checking whether make supports nested variables
configure:2937: result: yes
configure:3075: checking whether make supports nested variables
configure:3092: result: yes
configure:3124: checking whether make supports the include directive
configure:3139: make -f confmf.GNU && cat confinc.out
make[1]: Entering directory '/home/raju/Projects/buildroot/output/build/libgpiod-1.4.1'
make[1]: Leaving directory '/home/raju/Projects/buildroot/output/build/libgpiod-1.4.1'
this is the am__doit target
configure:3142: $? = 0
configure:3161: result: yes (GNU style)
configure:3191: checking for arm-buildroot-linux-gnueabihf-gcc
configure:3218: result: /home/raju/Projects/buildroot/output/host/bin/arm-none-linux-gnueabihf-gcc
configure:3487: checking for C compiler version
configure:3496: /home/raju/Projects/buildroot/output/host/bin/arm-none-linux-gnueabihf-gcc --version >&5
arm-none-linux-gnueabihf-gcc (GNU Toolchain for the A-profile Architecture 9.2-2019.12 (arm-9.10)) 9.2.1 20191025
Copyright (C) 2019 Free Software Foundation, Inc.
This is free software; see the source for copying conditions.  There is NO
warranty; not even for MERCHANTABILITY or FITNESS FOR A PARTICULAR PURPOSE.

configure:3507: $? = 0
configure:3496: /home/raju/Projects/buildroot/output/host/bin/arm-none-linux-gnueabihf-gcc -v >&5
Using built-in specs.
COLLECT_GCC=/home/raju/Projects/buildroot/output/host/opt/ext-toolchain/bin/arm-none-linux-gnueabihf-gcc
COLLECT_LTO_WRAPPER=/home/raju/Projects/buildroot/output/host/opt/ext-toolchain/bin/../libexec/gcc/arm-none-linux-gnueabihf/9.2.1/lto-wrapper
Target: arm-none-linux-gnueabihf
Configured with: /tmp/dgboter/bbs/rhev-vm7--rhe6x86_64/buildbot/rhe6x86_64--arm-none-linux-gnueabihf/build/src/gcc/configure --target=arm-none-linux-gnueabihf --prefix= --with-sysroot=/arm-none-linux-gnueabihf/libc --with-build-sysroot=/tmp/dgboter/bbs/rhev-vm7--rhe6x86_64/buildbot/rhe6x86_64--arm-none-linux-gnueabihf/build/build-arm-none-linux-gnueabihf/install//arm-none-linux-gnueabihf/libc --with-bugurl=https://bugs.linaro.org/ --enable-gnu-indirect-function --enable-shared --disable-libssp --disable-libmudflap --enable-checking=release --enable-languages=c,c++,fortran --with-gmp=/tmp/dgboter/bbs/rhev-vm7--rhe6x86_64/buildbot/rhe6x86_64--arm-none-linux-gnueabihf/build/build-arm-none-linux-gnueabihf/host-tools --with-mpfr=/tmp/dgboter/bbs/rhev-vm7--rhe6x86_64/buildbot/rhe6x86_64--arm-none-linux-gnueabihf/build/build-arm-none-linux-gnueabihf/host-tools --with-mpc=/tmp/dgboter/bbs/rhev-vm7--rhe6x86_64/buildbot/rhe6x86_64--arm-none-linux-gnueabihf/build/build-arm-none-linux-gnueabihf/host-tools --with-isl=/tmp/dgboter/bbs/rhev-vm7--rhe6x86_64/buildbot/rhe6x86_64--arm-none-linux-gnueabihf/build/build-arm-none-linux-gnueabihf/host-tools --with-arch=armv7-a --with-fpu=neon --with-float=hard --with-mode=thumb --with-arch=armv7-a --with-pkgversion='GNU Toolchain for the A-profile Architecture 9.2-2019.12 (arm-9.10)'
Thread model: posix
gcc version 9.2.1 20191025 (GNU Toolchain for the A-profile Architecture 9.2-2019.12 (arm-9.10)) 
configure:3507: $? = 0
configure:3496: /home/raju/Projects/buildroot/output/host/bin/arm-none-linux-gnueabihf-gcc -V >&5
arm-none-linux-gnueabihf-gcc: error: unrecognized command line option '-V'
arm-none-linux-gnueabihf-gcc: fatal error: no input files
compilation terminated.
configure:3507: $? = 1
configure:3496: /home/raju/Projects/buildroot/output/host/bin/arm-none-linux-gnueabihf-gcc -qversion >&5
arm-none-linux-gnueabihf-gcc: error: unrecognized command line option '-qversion'; did you mean '--version'?
arm-none-linux-gnueabihf-gcc: fatal error: no input files
compilation terminated.
configure:3507: $? = 1
configure:3527: checking whether the C compiler works
configure:3549: /home/raju/Projects/buildroot/output/host/bin/arm-none-linux-gnueabihf-gcc -D_LARGEFILE_SOURCE -D_LARGEFILE64_SOURCE -D_FILE_OFFSET_BITS=64  -Os   -D_LARGEFILE_SOURCE -D_LARGEFILE64_SOURCE -D_FILE_OFFSET_BITS=64  conftest.c  >&5
configure:3553: $? = 0
configure:3601: result: yes
configure:3604: checking for C compiler default output file name
configure:3606: result: a.out
configure:3612: checking for suffix of executables
configure:3619: /home/raju/Projects/buildroot/output/host/bin/arm-none-linux-gnueabihf-gcc -o conftest -D_LARGEFILE_SOURCE -D_LARGEFILE64_SOURCE -D_FILE_OFFSET_BITS=64  -Os   -D_LARGEFILE_SOURCE -D_LARGEFILE64_SOURCE -D_FILE_OFFSET_BITS=64  conftest.c  >&5
configure:3623: $? = 0
configure:3645: result: 
configure:3667: checking whether we are cross compiling
configure:3705: result: yes
configure:3710: checking for suffix of object files
configure:3732: /home/raju/Projects/buildroot/output/host/bin/arm-none-linux-gnueabihf-gcc -c -D_LARGEFILE_SOURCE -D_LARGEFILE64_SOURCE -D_FILE_OFFSET_BITS=64  -Os   -D_LARGEFILE_SOURCE -D_LARGEFILE64_SOURCE -D_FILE_OFFSET_BITS=64 conftest.c >&5
configure:3736: $? = 0
configure:3757: result: o
configure:3761: checking whether we are using the GNU C compiler
configure:3780: /home/raju/Projects/buildroot/output/host/bin/arm-none-linux-gnueabihf-gcc -c -D_LARGEFILE_SOURCE -D_LARGEFILE64_SOURCE -D_FILE_OFFSET_BITS=64  -Os   -D_LARGEFILE_SOURCE -D_LARGEFILE64_SOURCE -D_FILE_OFFSET_BITS=64 conftest.c >&5
configure:3780: $? = 0
configure:3789: result: yes
configure:3798: checking whether /home/raju/Projects/buildroot/output/host/bin/arm-none-linux-gnueabihf-gcc accepts -g
configure:3818: /home/raju/Projects/buildroot/output/host/bin/arm-none-linux-gnueabihf-gcc -c -g -D_LARGEFILE_SOURCE -D_LARGEFILE64_SOURCE -D_FILE_OFFSET_BITS=64 conftest.c >&5
configure:3818: $? = 0
configure:3859: result: yes
configure:3876: checking for /home/raju/Projects/buildroot/output/host/bin/arm-none-linux-gnueabihf-gcc option to accept ISO C89
configure:3939: /home/raju/Projects/buildroot/output/host/bin/arm-none-linux-gnueabihf-gcc  -c -D_LARGEFILE_SOURCE -D_LARGEFILE64_SOURCE -D_FILE_OFFSET_BITS=64  -Os   -D_LARGEFILE_SOURCE -D_LARGEFILE64_SOURCE -D_FILE_OFFSET_BITS=64 conftest.c >&5
configure:3939: $? = 0
configure:3952: result: none needed
configure:3977: checking whether /home/raju/Projects/buildroot/output/host/bin/arm-none-linux-gnueabihf-gcc understands -c and -o together
configure:3999: /home/raju/Projects/buildroot/output/host/bin/arm-none-linux-gnueabihf-gcc -c conftest.c -o conftest2.o
configure:4002: $? = 0
configure:3999: /home/raju/Projects/buildroot/output/host/bin/arm-none-linux-gnueabihf-gcc -c conftest.c -o conftest2.o
configure:4002: $? = 0
configure:4014: result: yes
configure:4033: checking dependency style of /home/raju/Projects/buildroot/output/host/bin/arm-none-linux-gnueabihf-gcc
configure:4144: result: none
configure:4165: checking for arm-buildroot-linux-gnueabihf-ar
configure:4192: result: /home/raju/Projects/buildroot/output/host/bin/arm-none-linux-gnueabihf-ar
configure:4262: checking the archiver (/home/raju/Projects/buildroot/output/host/bin/arm-none-linux-gnueabihf-ar) interface
configure:4278: /home/raju/Projects/buildroot/output/host/bin/arm-none-linux-gnueabihf-gcc -c -D_LARGEFILE_SOURCE -D_LARGEFILE64_SOURCE -D_FILE_OFFSET_BITS=64  -Os   -D_LARGEFILE_SOURCE -D_LARGEFILE64_SOURCE -D_FILE_OFFSET_BITS=64 conftest.c >&5
configure:4278: $? = 0
configure:4280: /home/raju/Projects/buildroot/output/host/bin/arm-none-linux-gnueabihf-ar cru libconftest.a conftest.o >&5
configure:4283: $? = 0
configure:4311: result: ar
configure:4339: checking for arm-buildroot-linux-gnueabihf-gcc
configure:4366: result: /home/raju/Projects/buildroot/output/host/bin/arm-none-linux-gnueabihf-gcc
configure:4635: checking for C compiler version
configure:4644: /home/raju/Projects/buildroot/output/host/bin/arm-none-linux-gnueabihf-gcc --version >&5
arm-none-linux-gnueabihf-gcc (GNU Toolchain for the A-profile Architecture 9.2-2019.12 (arm-9.10)) 9.2.1 20191025
Copyright (C) 2019 Free Software Foundation, Inc.
This is free software; see the source for copying conditions.  There is NO
warranty; not even for MERCHANTABILITY or FITNESS FOR A PARTICULAR PURPOSE.

configure:4655: $? = 0
configure:4644: /home/raju/Projects/buildroot/output/host/bin/arm-none-linux-gnueabihf-gcc -v >&5
Using built-in specs.
COLLECT_GCC=/home/raju/Projects/buildroot/output/host/opt/ext-toolchain/bin/arm-none-linux-gnueabihf-gcc
COLLECT_LTO_WRAPPER=/home/raju/Projects/buildroot/output/host/opt/ext-toolchain/bin/../libexec/gcc/arm-none-linux-gnueabihf/9.2.1/lto-wrapper
Target: arm-none-linux-gnueabihf
Configured with: /tmp/dgboter/bbs/rhev-vm7--rhe6x86_64/buildbot/rhe6x86_64--arm-none-linux-gnueabihf/build/src/gcc/configure --target=arm-none-linux-gnueabihf --prefix= --with-sysroot=/arm-none-linux-gnueabihf/libc --with-build-sysroot=/tmp/dgboter/bbs/rhev-vm7--rhe6x86_64/buildbot/rhe6x86_64--arm-none-linux-gnueabihf/build/build-arm-none-linux-gnueabihf/install//arm-none-linux-gnueabihf/libc --with-bugurl=https://bugs.linaro.org/ --enable-gnu-indirect-function --enable-shared --disable-libssp --disable-libmudflap --enable-checking=release --enable-languages=c,c++,fortran --with-gmp=/tmp/dgboter/bbs/rhev-vm7--rhe6x86_64/buildbot/rhe6x86_64--arm-none-linux-gnueabihf/build/build-arm-none-linux-gnueabihf/host-tools --with-mpfr=/tmp/dgboter/bbs/rhev-vm7--rhe6x86_64/buildbot/rhe6x86_64--arm-none-linux-gnueabihf/build/build-arm-none-linux-gnueabihf/host-tools --with-mpc=/tmp/dgboter/bbs/rhev-vm7--rhe6x86_64/buildbot/rhe6x86_64--arm-none-linux-gnueabihf/build/build-arm-none-linux-gnueabihf/host-tools --with-isl=/tmp/dgboter/bbs/rhev-vm7--rhe6x86_64/buildbot/rhe6x86_64--arm-none-linux-gnueabihf/build/build-arm-none-linux-gnueabihf/host-tools --with-arch=armv7-a --with-fpu=neon --with-float=hard --with-mode=thumb --with-arch=armv7-a --with-pkgversion='GNU Toolchain for the A-profile Architecture 9.2-2019.12 (arm-9.10)'
Thread model: posix
gcc version 9.2.1 20191025 (GNU Toolchain for the A-profile Architecture 9.2-2019.12 (arm-9.10)) 
configure:4655: $? = 0
configure:4644: /home/raju/Projects/buildroot/output/host/bin/arm-none-linux-gnueabihf-gcc -V >&5
arm-none-linux-gnueabihf-gcc: error: unrecognized command line option '-V'
arm-none-linux-gnueabihf-gcc: fatal error: no input files
compilation terminated.
configure:4655: $? = 1
configure:4644: /home/raju/Projects/buildroot/output/host/bin/arm-none-linux-gnueabihf-gcc -qversion >&5
arm-none-linux-gnueabihf-gcc: error: unrecognized command line option '-qversion'; did you mean '--version'?
arm-none-linux-gnueabihf-gcc: fatal error: no input files
compilation terminated.
configure:4655: $? = 1
configure:4659: checking whether we are using the GNU C compiler
configure:4687: result: yes
configure:4696: checking whether /home/raju/Projects/buildroot/output/host/bin/arm-none-linux-gnueabihf-gcc accepts -g
configure:4757: result: yes
configure:4774: checking for /home/raju/Projects/buildroot/output/host/bin/arm-none-linux-gnueabihf-gcc option to accept ISO C89
configure:4850: result: none needed
configure:4875: checking whether /home/raju/Projects/buildroot/output/host/bin/arm-none-linux-gnueabihf-gcc understands -c and -o together
configure:4912: result: yes
configure:4931: checking dependency style of /home/raju/Projects/buildroot/output/host/bin/arm-none-linux-gnueabihf-gcc
configure:5042: result: none
configure:5169: checking for C++ compiler version
configure:5178: /home/raju/Projects/buildroot/output/host/bin/arm-none-linux-gnueabihf-g++ --version >&5
arm-none-linux-gnueabihf-g++ (GNU Toolchain for the A-profile Architecture 9.2-2019.12 (arm-9.10)) 9.2.1 20191025
Copyright (C) 2019 Free Software Foundation, Inc.
This is free software; see the source for copying conditions.  There is NO
warranty; not even for MERCHANTABILITY or FITNESS FOR A PARTICULAR PURPOSE.

configure:5189: $? = 0
configure:5178: /home/raju/Projects/buildroot/output/host/bin/arm-none-linux-gnueabihf-g++ -v >&5
Using built-in specs.
COLLECT_GCC=/home/raju/Projects/buildroot/output/host/opt/ext-toolchain/bin/arm-none-linux-gnueabihf-g++
COLLECT_LTO_WRAPPER=/home/raju/Projects/buildroot/output/host/opt/ext-toolchain/bin/../libexec/gcc/arm-none-linux-gnueabihf/9.2.1/lto-wrapper
Target: arm-none-linux-gnueabihf
Configured with: /tmp/dgboter/bbs/rhev-vm7--rhe6x86_64/buildbot/rhe6x86_64--arm-none-linux-gnueabihf/build/src/gcc/configure --target=arm-none-linux-gnueabihf --prefix= --with-sysroot=/arm-none-linux-gnueabihf/libc --with-build-sysroot=/tmp/dgboter/bbs/rhev-vm7--rhe6x86_64/buildbot/rhe6x86_64--arm-none-linux-gnueabihf/build/build-arm-none-linux-gnueabihf/install//arm-none-linux-gnueabihf/libc --with-bugurl=https://bugs.linaro.org/ --enable-gnu-indirect-function --enable-shared --disable-libssp --disable-libmudflap --enable-checking=release --enable-languages=c,c++,fortran --with-gmp=/tmp/dgboter/bbs/rhev-vm7--rhe6x86_64/buildbot/rhe6x86_64--arm-none-linux-gnueabihf/build/build-arm-none-linux-gnueabihf/host-tools --with-mpfr=/tmp/dgboter/bbs/rhev-vm7--rhe6x86_64/buildbot/rhe6x86_64--arm-none-linux-gnueabihf/build/build-arm-none-linux-gnueabihf/host-tools --with-mpc=/tmp/dgboter/bbs/rhev-vm7--rhe6x86_64/buildbot/rhe6x86_64--arm-none-linux-gnueabihf/build/build-arm-none-linux-gnueabihf/host-tools --with-isl=/tmp/dgboter/bbs/rhev-vm7--rhe6x86_64/buildbot/rhe6x86_64--arm-none-linux-gnueabihf/build/build-arm-none-linux-gnueabihf/host-tools --with-arch=armv7-a --with-fpu=neon --with-float=hard --with-mode=thumb --with-arch=armv7-a --with-pkgversion='GNU Toolchain for the A-profile Architecture 9.2-2019.12 (arm-9.10)'
Thread model: posix
gcc version 9.2.1 20191025 (GNU Toolchain for the A-profile Architecture 9.2-2019.12 (arm-9.10)) 
configure:5189: $? = 0
configure:5178: /home/raju/Projects/buildroot/output/host/bin/arm-none-linux-gnueabihf-g++ -V >&5
arm-none-linux-gnueabihf-g++: error: unrecognized command line option '-V'
arm-none-linux-gnueabihf-g++: fatal error: no input files
compilation terminated.
configure:5189: $? = 1
configure:5178: /home/raju/Projects/buildroot/output/host/bin/arm-none-linux-gnueabihf-g++ -qversion >&5
arm-none-linux-gnueabihf-g++: error: unrecognized command line option '-qversion'; did you mean '--version'?
arm-none-linux-gnueabihf-g++: fatal error: no input files
compilation terminated.
configure:5189: $? = 1
configure:5193: checking whether we are using the GNU C++ compiler
configure:5212: /home/raju/Projects/buildroot/output/host/bin/arm-none-linux-gnueabihf-g++ -c -D_LARGEFILE_SOURCE -D_LARGEFILE64_SOURCE -D_FILE_OFFSET_BITS=64  -Os   -D_LARGEFILE_SOURCE -D_LARGEFILE64_SOURCE -D_FILE_OFFSET_BITS=64 conftest.cpp >&5
conftest.cpp:11: warning: "_GNU_SOURCE" redefined
   11 | #define _GNU_SOURCE /**/
      | 
<command-line>: note: this is the location of the previous definition
configure:5212: $? = 0
configure:5221: result: yes
configure:5230: checking whether /home/raju/Projects/buildroot/output/host/bin/arm-none-linux-gnueabihf-g++ accepts -g
configure:5250: /home/raju/Projects/buildroot/output/host/bin/arm-none-linux-gnueabihf-g++ -c -g -D_LARGEFILE_SOURCE -D_LARGEFILE64_SOURCE -D_FILE_OFFSET_BITS=64 conftest.cpp >&5
conftest.cpp:11: warning: "_GNU_SOURCE" redefined
   11 | #define _GNU_SOURCE /**/
      | 
<command-line>: note: this is the location of the previous definition
configure:5250: $? = 0
configure: failed program was:
| /* confdefs.h */
| #define PACKAGE_NAME "libgpiod"
| #define PACKAGE_TARNAME "libgpiod"
| #define PACKAGE_VERSION "1.4.1"
| #define PACKAGE_STRING "libgpiod 1.4.1"
| #define PACKAGE_BUGREPORT ""
| #define PACKAGE_URL ""
| #define GPIOD_VERSION_STR "1.4.1"
| #define PACKAGE "libgpiod"
| #define VERSION "1.4.1"
| #define _GNU_SOURCE /**/
| /* end confdefs.h.  */
| 
| int
| main ()
| {
| 
|   ;
|   return 0;
| }
configure:5265: /home/raju/Projects/buildroot/output/host/bin/arm-none-linux-gnueabihf-g++ -c  -D_LARGEFILE_SOURCE -D_LARGEFILE64_SOURCE -D_FILE_OFFSET_BITS=64 conftest.cpp >&5
conftest.cpp:11: warning: "_GNU_SOURCE" redefined
   11 | #define _GNU_SOURCE /**/
      | 
<command-line>: note: this is the location of the previous definition
configure:5265: $? = 0
configure: failed program was:
| /* confdefs.h */
| #define PACKAGE_NAME "libgpiod"
| #define PACKAGE_TARNAME "libgpiod"
| #define PACKAGE_VERSION "1.4.1"
| #define PACKAGE_STRING "libgpiod 1.4.1"
| #define PACKAGE_BUGREPORT ""
| #define PACKAGE_URL ""
| #define GPIOD_VERSION_STR "1.4.1"
| #define PACKAGE "libgpiod"
| #define VERSION "1.4.1"
| #define _GNU_SOURCE /**/
| /* end confdefs.h.  */
| 
| int
| main ()
| {
| 
|   ;
|   return 0;
| }
configure:5281: /home/raju/Projects/buildroot/output/host/bin/arm-none-linux-gnueabihf-g++ -c -g -D_LARGEFILE_SOURCE -D_LARGEFILE64_SOURCE -D_FILE_OFFSET_BITS=64 conftest.cpp >&5
conftest.cpp:11: warning: "_GNU_SOURCE" redefined
   11 | #define _GNU_SOURCE /**/
      | 
<command-line>: note: this is the location of the previous definition
configure:5281: $? = 0
configure:5291: result: yes
configure:5316: checking dependency style of /home/raju/Projects/buildroot/output/host/bin/arm-none-linux-gnueabihf-g++
configure:5427: result: none
configure:5471: checking build system type
configure:5485: result: x86_64-pc-linux-gnu
configure:5505: checking host system type
configure:5518: result: arm-buildroot-linux-gnueabihf
configure:5559: checking how to print strings
configure:5586: result: printf
configure:5607: checking for a sed that does not truncate output
configure:5671: result: /bin/sed
configure:5689: checking for grep that handles long lines and -e
configure:5747: result: /bin/grep
configure:5752: checking for egrep
configure:5814: result: /bin/grep -E
configure:5819: checking for fgrep
configure:5881: result: /bin/grep -F
configure:5916: checking for ld used by /home/raju/Projects/buildroot/output/host/bin/arm-none-linux-gnueabihf-gcc
configure:5983: result: /home/raju/Projects/buildroot/output/host/bin/arm-none-linux-gnueabihf-ld
configure:5990: checking if the linker (/home/raju/Projects/buildroot/output/host/bin/arm-none-linux-gnueabihf-ld) is GNU ld
configure:6005: result: yes
configure:6017: checking for BSD- or MS-compatible name lister (nm)
configure:6071: result: /home/raju/Projects/buildroot/output/host/bin/arm-none-linux-gnueabihf-nm
configure:6201: checking the name lister (/home/raju/Projects/buildroot/output/host/bin/arm-none-linux-gnueabihf-nm) interface
configure:6208: /home/raju/Projects/buildroot/output/host/bin/arm-none-linux-gnueabihf-gcc -c -D_LARGEFILE_SOURCE -D_LARGEFILE64_SOURCE -D_FILE_OFFSET_BITS=64  -Os   -D_LARGEFILE_SOURCE -D_LARGEFILE64_SOURCE -D_FILE_OFFSET_BITS=64 conftest.c >&5
configure:6211: /home/raju/Projects/buildroot/output/host/bin/arm-none-linux-gnueabihf-nm "conftest.o"
configure:6214: output
00000000 B some_variable
configure:6221: result: BSD nm
configure:6224: checking whether ln -s works
configure:6228: result: yes
configure:6236: checking the maximum length of command line arguments
configure:6367: result: 1572864
configure:6415: checking how to convert x86_64-pc-linux-gnu file names to arm-buildroot-linux-gnueabihf format
configure:6455: result: func_convert_file_noop
configure:6462: checking how to convert x86_64-pc-linux-gnu file names to toolchain format
configure:6482: result: func_convert_file_noop
configure:6489: checking for /home/raju/Projects/buildroot/output/host/bin/arm-none-linux-gnueabihf-ld option to reload object files
configure:6496: result: -r
configure:6530: checking for arm-buildroot-linux-gnueabihf-objdump
configure:6557: result: /home/raju/Projects/buildroot/output/host/bin/arm-none-linux-gnueabihf-objdump
configure:6629: checking how to recognize dependent libraries
configure:6829: result: pass_all
configure:6874: checking for arm-buildroot-linux-gnueabihf-dlltool
configure:6904: result: no
configure:6914: checking for dlltool
configure:6944: result: no
configure:6974: checking how to associate runtime and link libraries
configure:7001: result: printf %s\n
configure:7017: checking for arm-buildroot-linux-gnueabihf-ar
configure:7044: result: /home/raju/Projects/buildroot/output/host/bin/arm-none-linux-gnueabihf-ar
configure:7125: checking for archiver @FILE support
configure:7142: /home/raju/Projects/buildroot/output/host/bin/arm-none-linux-gnueabihf-gcc -c -D_LARGEFILE_SOURCE -D_LARGEFILE64_SOURCE -D_FILE_OFFSET_BITS=64  -Os   -D_LARGEFILE_SOURCE -D_LARGEFILE64_SOURCE -D_FILE_OFFSET_BITS=64 conftest.c >&5
configure:7142: $? = 0
configure:7145: /home/raju/Projects/buildroot/output/host/bin/arm-none-linux-gnueabihf-ar cr libconftest.a @conftest.lst >&5
configure:7148: $? = 0
configure:7153: /home/raju/Projects/buildroot/output/host/bin/arm-none-linux-gnueabihf-ar cr libconftest.a @conftest.lst >&5
/home/raju/Projects/buildroot/output/host/bin/arm-none-linux-gnueabihf-ar: conftest.o: No such file or directory
configure:7156: $? = 1
configure:7168: result: @
configure:7186: checking for arm-buildroot-linux-gnueabihf-strip
configure:7213: result: /home/raju/Projects/buildroot/output/host/bin/arm-none-linux-gnueabihf-strip
configure:7285: checking for arm-buildroot-linux-gnueabihf-ranlib
configure:7312: result: /home/raju/Projects/buildroot/output/host/bin/arm-none-linux-gnueabihf-ranlib
configure:7454: checking command to parse /home/raju/Projects/buildroot/output/host/bin/arm-none-linux-gnueabihf-nm output from /home/raju/Projects/buildroot/output/host/bin/arm-none-linux-gnueabihf-gcc object
configure:7607: /home/raju/Projects/buildroot/output/host/bin/arm-none-linux-gnueabihf-gcc -c -D_LARGEFILE_SOURCE -D_LARGEFILE64_SOURCE -D_FILE_OFFSET_BITS=64  -Os   -D_LARGEFILE_SOURCE -D_LARGEFILE64_SOURCE -D_FILE_OFFSET_BITS=64 conftest.c >&5
configure:7610: $? = 0
configure:7614: /home/raju/Projects/buildroot/output/host/bin/arm-none-linux-gnueabihf-nm conftest.o | sed -n -e 's/^.*[	 ]\([ABCDGIRSTW][ABCDGIRSTW]*\)[	 ][	 ]*\([_A-Za-z][_A-Za-z0-9]*\)$/\1 \2 \2/p' | sed '/ __gnu_lto/d' > conftest.nm
configure:7680: /home/raju/Projects/buildroot/output/host/bin/arm-none-linux-gnueabihf-gcc -o conftest -D_LARGEFILE_SOURCE -D_LARGEFILE64_SOURCE -D_FILE_OFFSET_BITS=64  -Os   -D_LARGEFILE_SOURCE -D_LARGEFILE64_SOURCE -D_FILE_OFFSET_BITS=64  conftest.c conftstm.o >&5
configure:7683: $? = 0
configure:7721: result: ok
configure:7768: checking for sysroot
configure:7798: result: no
configure:7805: checking for a working dd
configure:7843: result: /bin/dd
configure:7847: checking how to truncate binary pipes
configure:7862: result: /bin/dd bs=4096 count=1
configure:8151: checking for arm-buildroot-linux-gnueabihf-mt
configure:8181: result: no
configure:8191: checking for mt
configure:8207: found /bin/mt
configure:8218: result: mt
configure:8230: WARNING: using cross tools not prefixed with host triplet
configure:8241: checking if mt is a manifest tool
configure:8247: mt '-?'
configure:8255: result: no
configure:8932: checking how to run the C preprocessor
configure:9002: result: /home/raju/Projects/buildroot/output/host/bin/arm-none-linux-gnueabihf-cpp
configure:9022: /home/raju/Projects/buildroot/output/host/bin/arm-none-linux-gnueabihf-cpp -D_LARGEFILE_SOURCE -D_LARGEFILE64_SOURCE -D_FILE_OFFSET_BITS=64 conftest.c
configure:9022: $? = 0
configure:9036: /home/raju/Projects/buildroot/output/host/bin/arm-none-linux-gnueabihf-cpp -D_LARGEFILE_SOURCE -D_LARGEFILE64_SOURCE -D_FILE_OFFSET_BITS=64 conftest.c
conftest.c:13:10: fatal error: ac_nonexistent.h: No such file or directory
   13 | #include <ac_nonexistent.h>
      |          ^~~~~~~~~~~~~~~~~~
compilation terminated.
configure:9036: $? = 1
configure: failed program was:
| /* confdefs.h */
| #define PACKAGE_NAME "libgpiod"
| #define PACKAGE_TARNAME "libgpiod"
| #define PACKAGE_VERSION "1.4.1"
| #define PACKAGE_STRING "libgpiod 1.4.1"
| #define PACKAGE_BUGREPORT ""
| #define PACKAGE_URL ""
| #define GPIOD_VERSION_STR "1.4.1"
| #define PACKAGE "libgpiod"
| #define VERSION "1.4.1"
| #define _GNU_SOURCE /**/
| /* end confdefs.h.  */
| #include <ac_nonexistent.h>
configure:9065: checking for ANSI C header files
configure:9085: /home/raju/Projects/buildroot/output/host/bin/arm-none-linux-gnueabihf-gcc -c -D_LARGEFILE_SOURCE -D_LARGEFILE64_SOURCE -D_FILE_OFFSET_BITS=64  -Os   -D_LARGEFILE_SOURCE -D_LARGEFILE64_SOURCE -D_FILE_OFFSET_BITS=64 conftest.c >&5
configure:9085: $? = 0
configure:9169: result: yes
configure:9182: checking for sys/types.h
configure:9182: /home/raju/Projects/buildroot/output/host/bin/arm-none-linux-gnueabihf-gcc -c -D_LARGEFILE_SOURCE -D_LARGEFILE64_SOURCE -D_FILE_OFFSET_BITS=64  -Os   -D_LARGEFILE_SOURCE -D_LARGEFILE64_SOURCE -D_FILE_OFFSET_BITS=64 conftest.c >&5
configure:9182: $? = 0
configure:9182: result: yes
configure:9182: checking for sys/stat.h
configure:9182: /home/raju/Projects/buildroot/output/host/bin/arm-none-linux-gnueabihf-gcc -c -D_LARGEFILE_SOURCE -D_LARGEFILE64_SOURCE -D_FILE_OFFSET_BITS=64  -Os   -D_LARGEFILE_SOURCE -D_LARGEFILE64_SOURCE -D_FILE_OFFSET_BITS=64 conftest.c >&5
configure:9182: $? = 0
configure:9182: result: yes
configure:9182: checking for stdlib.h
configure:9182: /home/raju/Projects/buildroot/output/host/bin/arm-none-linux-gnueabihf-gcc -c -D_LARGEFILE_SOURCE -D_LARGEFILE64_SOURCE -D_FILE_OFFSET_BITS=64  -Os   -D_LARGEFILE_SOURCE -D_LARGEFILE64_SOURCE -D_FILE_OFFSET_BITS=64 conftest.c >&5
configure:9182: $? = 0
configure:9182: result: yes
configure:9182: checking for string.h
configure:9182: /home/raju/Projects/buildroot/output/host/bin/arm-none-linux-gnueabihf-gcc -c -D_LARGEFILE_SOURCE -D_LARGEFILE64_SOURCE -D_FILE_OFFSET_BITS=64  -Os   -D_LARGEFILE_SOURCE -D_LARGEFILE64_SOURCE -D_FILE_OFFSET_BITS=64 conftest.c >&5
configure:9182: $? = 0
configure:9182: result: yes
configure:9182: checking for memory.h
configure:9182: /home/raju/Projects/buildroot/output/host/bin/arm-none-linux-gnueabihf-gcc -c -D_LARGEFILE_SOURCE -D_LARGEFILE64_SOURCE -D_FILE_OFFSET_BITS=64  -Os   -D_LARGEFILE_SOURCE -D_LARGEFILE64_SOURCE -D_FILE_OFFSET_BITS=64 conftest.c >&5
configure:9182: $? = 0
configure:9182: result: yes
configure:9182: checking for strings.h
configure:9182: /home/raju/Projects/buildroot/output/host/bin/arm-none-linux-gnueabihf-gcc -c -D_LARGEFILE_SOURCE -D_LARGEFILE64_SOURCE -D_FILE_OFFSET_BITS=64  -Os   -D_LARGEFILE_SOURCE -D_LARGEFILE64_SOURCE -D_FILE_OFFSET_BITS=64 conftest.c >&5
configure:9182: $? = 0
configure:9182: result: yes
configure:9182: checking for inttypes.h
configure:9182: /home/raju/Projects/buildroot/output/host/bin/arm-none-linux-gnueabihf-gcc -c -D_LARGEFILE_SOURCE -D_LARGEFILE64_SOURCE -D_FILE_OFFSET_BITS=64  -Os   -D_LARGEFILE_SOURCE -D_LARGEFILE64_SOURCE -D_FILE_OFFSET_BITS=64 conftest.c >&5
configure:9182: $? = 0
configure:9182: result: yes
configure:9182: checking for stdint.h
configure:9182: /home/raju/Projects/buildroot/output/host/bin/arm-none-linux-gnueabihf-gcc -c -D_LARGEFILE_SOURCE -D_LARGEFILE64_SOURCE -D_FILE_OFFSET_BITS=64  -Os   -D_LARGEFILE_SOURCE -D_LARGEFILE64_SOURCE -D_FILE_OFFSET_BITS=64 conftest.c >&5
configure:9182: $? = 0
configure:9182: result: yes
configure:9182: checking for unistd.h
configure:9182: /home/raju/Projects/buildroot/output/host/bin/arm-none-linux-gnueabihf-gcc -c -D_LARGEFILE_SOURCE -D_LARGEFILE64_SOURCE -D_FILE_OFFSET_BITS=64  -Os   -D_LARGEFILE_SOURCE -D_LARGEFILE64_SOURCE -D_FILE_OFFSET_BITS=64 conftest.c >&5
configure:9182: $? = 0
configure:9182: result: yes
configure:9196: checking for dlfcn.h
configure:9196: /home/raju/Projects/buildroot/output/host/bin/arm-none-linux-gnueabihf-gcc -c -D_LARGEFILE_SOURCE -D_LARGEFILE64_SOURCE -D_FILE_OFFSET_BITS=64  -Os   -D_LARGEFILE_SOURCE -D_LARGEFILE64_SOURCE -D_FILE_OFFSET_BITS=64 conftest.c >&5
configure:9196: $? = 0
configure:9196: result: yes
configure:9463: checking for objdir
configure:9478: result: .libs
configure:9742: checking if /home/raju/Projects/buildroot/output/host/bin/arm-none-linux-gnueabihf-gcc supports -fno-rtti -fno-exceptions
configure:9760: /home/raju/Projects/buildroot/output/host/bin/arm-none-linux-gnueabihf-gcc -c -D_LARGEFILE_SOURCE -D_LARGEFILE64_SOURCE -D_FILE_OFFSET_BITS=64  -Os   -D_LARGEFILE_SOURCE -D_LARGEFILE64_SOURCE -D_FILE_OFFSET_BITS=64 -fno-rtti -fno-exceptions conftest.c >&5
cc1: warning: command line option '-fno-rtti' is valid for C++/D/ObjC++ but not for C
configure:9764: $? = 0
configure:9777: result: no
configure:10135: checking for /home/raju/Projects/buildroot/output/host/bin/arm-none-linux-gnueabihf-gcc option to produce PIC
configure:10142: result: -fPIC -DPIC
configure:10150: checking if /home/raju/Projects/buildroot/output/host/bin/arm-none-linux-gnueabihf-gcc PIC flag -fPIC -DPIC works
configure:10168: /home/raju/Projects/buildroot/output/host/bin/arm-none-linux-gnueabihf-gcc -c -D_LARGEFILE_SOURCE -D_LARGEFILE64_SOURCE -D_FILE_OFFSET_BITS=64  -Os   -D_LARGEFILE_SOURCE -D_LARGEFILE64_SOURCE -D_FILE_OFFSET_BITS=64 -fPIC -DPIC -DPIC conftest.c >&5
configure:10172: $? = 0
configure:10185: result: yes
configure:10214: checking if /home/raju/Projects/buildroot/output/host/bin/arm-none-linux-gnueabihf-gcc static flag -static works
configure:10242: result: yes
configure:10257: checking if /home/raju/Projects/buildroot/output/host/bin/arm-none-linux-gnueabihf-gcc supports -c -o file.o
configure:10278: /home/raju/Projects/buildroot/output/host/bin/arm-none-linux-gnueabihf-gcc -c -D_LARGEFILE_SOURCE -D_LARGEFILE64_SOURCE -D_FILE_OFFSET_BITS=64  -Os   -D_LARGEFILE_SOURCE -D_LARGEFILE64_SOURCE -D_FILE_OFFSET_BITS=64 -o out/conftest2.o conftest.c >&5
configure:10282: $? = 0
configure:10304: result: yes
configure:10312: checking if /home/raju/Projects/buildroot/output/host/bin/arm-none-linux-gnueabihf-gcc supports -c -o file.o
configure:10359: result: yes
configure:10392: checking whether the /home/raju/Projects/buildroot/output/host/bin/arm-none-linux-gnueabihf-gcc linker (/home/raju/Projects/buildroot/output/host/bin/arm-none-linux-gnueabihf-ld) supports shared libraries
configure:11655: result: yes
configure:11692: checking whether -lc should be explicitly linked in
configure:11700: /home/raju/Projects/buildroot/output/host/bin/arm-none-linux-gnueabihf-gcc -c -D_LARGEFILE_SOURCE -D_LARGEFILE64_SOURCE -D_FILE_OFFSET_BITS=64  -Os   -D_LARGEFILE_SOURCE -D_LARGEFILE64_SOURCE -D_FILE_OFFSET_BITS=64 conftest.c >&5
configure:11703: $? = 0
configure:11718: /home/raju/Projects/buildroot/output/host/bin/arm-none-linux-gnueabihf-gcc -shared  -fPIC -DPIC conftest.o  -v -Wl,-soname -Wl,conftest -o conftest 2\>\&1 \| /bin/grep  -lc  \>/dev/null 2\>\&1
configure:11721: $? = 0
configure:11735: result: no
configure:11895: checking dynamic linker characteristics
configure:12476: /home/raju/Projects/buildroot/output/host/bin/arm-none-linux-gnueabihf-gcc -o conftest -D_LARGEFILE_SOURCE -D_LARGEFILE64_SOURCE -D_FILE_OFFSET_BITS=64  -Os   -D_LARGEFILE_SOURCE -D_LARGEFILE64_SOURCE -D_FILE_OFFSET_BITS=64  -Wl,-rpath -Wl,/foo conftest.c  >&5
configure:12476: $? = 0
configure:12725: result: GNU/Linux ld.so
configure:12847: checking how to hardcode library paths into programs
configure:12872: result: immediate
configure:13420: checking whether stripping libraries is possible
configure:13425: result: yes
configure:13460: checking if libtool supports shared libraries
configure:13462: result: yes
configure:13465: checking whether to build shared libraries
configure:13490: result: yes
configure:13493: checking whether to build static libraries
configure:13497: result: no
configure:13520: checking how to run the C++ preprocessor
configure:13547: /home/raju/Projects/buildroot/output/host/bin/arm-none-linux-gnueabihf-g++ -E -D_LARGEFILE_SOURCE -D_LARGEFILE64_SOURCE -D_FILE_OFFSET_BITS=64 conftest.cpp
conftest.cpp:11: warning: "_GNU_SOURCE" redefined
   11 | #define _GNU_SOURCE /**/
      | 
<command-line>: note: this is the location of the previous definition
configure:13547: $? = 0
configure:13561: /home/raju/Projects/buildroot/output/host/bin/arm-none-linux-gnueabihf-g++ -E -D_LARGEFILE_SOURCE -D_LARGEFILE64_SOURCE -D_FILE_OFFSET_BITS=64 conftest.cpp
conftest.cpp:11: warning: "_GNU_SOURCE" redefined
   11 | #define _GNU_SOURCE /**/
      | 
<command-line>: note: this is the location of the previous definition
conftest.cpp:25:10: fatal error: ac_nonexistent.h: No such file or directory
   25 | #include <ac_nonexistent.h>
      |          ^~~~~~~~~~~~~~~~~~
compilation terminated.
configure:13561: $? = 1
configure: failed program was:
| /* confdefs.h */
| #define PACKAGE_NAME "libgpiod"
| #define PACKAGE_TARNAME "libgpiod"
| #define PACKAGE_VERSION "1.4.1"
| #define PACKAGE_STRING "libgpiod 1.4.1"
| #define PACKAGE_BUGREPORT ""
| #define PACKAGE_URL ""
| #define GPIOD_VERSION_STR "1.4.1"
| #define PACKAGE "libgpiod"
| #define VERSION "1.4.1"
| #define _GNU_SOURCE /**/
| #define STDC_HEADERS 1
| #define HAVE_SYS_TYPES_H 1
| #define HAVE_SYS_STAT_H 1
| #define HAVE_STDLIB_H 1
| #define HAVE_STRING_H 1
| #define HAVE_MEMORY_H 1
| #define HAVE_STRINGS_H 1
| #define HAVE_INTTYPES_H 1
| #define HAVE_STDINT_H 1
| #define HAVE_UNISTD_H 1
| #define HAVE_DLFCN_H 1
| #define LT_OBJDIR ".libs/"
| /* end confdefs.h.  */
| #include <ac_nonexistent.h>
configure:13586: result: /home/raju/Projects/buildroot/output/host/bin/arm-none-linux-gnueabihf-g++ -E
configure:13606: /home/raju/Projects/buildroot/output/host/bin/arm-none-linux-gnueabihf-g++ -E -D_LARGEFILE_SOURCE -D_LARGEFILE64_SOURCE -D_FILE_OFFSET_BITS=64 conftest.cpp
conftest.cpp:11: warning: "_GNU_SOURCE" redefined
   11 | #define _GNU_SOURCE /**/
      | 
<command-line>: note: this is the location of the previous definition
configure:13606: $? = 0
configure:13620: /home/raju/Projects/buildroot/output/host/bin/arm-none-linux-gnueabihf-g++ -E -D_LARGEFILE_SOURCE -D_LARGEFILE64_SOURCE -D_FILE_OFFSET_BITS=64 conftest.cpp
conftest.cpp:11: warning: "_GNU_SOURCE" redefined
   11 | #define _GNU_SOURCE /**/
      | 
<command-line>: note: this is the location of the previous definition
conftest.cpp:25:10: fatal error: ac_nonexistent.h: No such file or directory
   25 | #include <ac_nonexistent.h>
      |          ^~~~~~~~~~~~~~~~~~
compilation terminated.
configure:13620: $? = 1
configure: failed program was:
| /* confdefs.h */
| #define PACKAGE_NAME "libgpiod"
| #define PACKAGE_TARNAME "libgpiod"
| #define PACKAGE_VERSION "1.4.1"
| #define PACKAGE_STRING "libgpiod 1.4.1"
| #define PACKAGE_BUGREPORT ""
| #define PACKAGE_URL ""
| #define GPIOD_VERSION_STR "1.4.1"
| #define PACKAGE "libgpiod"
| #define VERSION "1.4.1"
| #define _GNU_SOURCE /**/
| #define STDC_HEADERS 1
| #define HAVE_SYS_TYPES_H 1
| #define HAVE_SYS_STAT_H 1
| #define HAVE_STDLIB_H 1
| #define HAVE_STRING_H 1
| #define HAVE_MEMORY_H 1
| #define HAVE_STRINGS_H 1
| #define HAVE_INTTYPES_H 1
| #define HAVE_STDINT_H 1
| #define HAVE_UNISTD_H 1
| #define HAVE_DLFCN_H 1
| #define LT_OBJDIR ".libs/"
| /* end confdefs.h.  */
| #include <ac_nonexistent.h>
configure:13782: checking for ld used by /home/raju/Projects/buildroot/output/host/bin/arm-none-linux-gnueabihf-g++
configure:13849: result: /home/raju/Projects/buildroot/output/host/bin/arm-none-linux-gnueabihf-ld
configure:13856: checking if the linker (/home/raju/Projects/buildroot/output/host/bin/arm-none-linux-gnueabihf-ld) is GNU ld
configure:13871: result: yes
configure:13926: checking whether the /home/raju/Projects/buildroot/output/host/bin/arm-none-linux-gnueabihf-g++ linker (/home/raju/Projects/buildroot/output/host/bin/arm-none-linux-gnueabihf-ld) supports shared libraries
configure:14999: result: yes
configure:15035: /home/raju/Projects/buildroot/output/host/bin/arm-none-linux-gnueabihf-g++ -c -D_LARGEFILE_SOURCE -D_LARGEFILE64_SOURCE -D_FILE_OFFSET_BITS=64  -Os   -D_LARGEFILE_SOURCE -D_LARGEFILE64_SOURCE -D_FILE_OFFSET_BITS=64 conftest.cpp >&5
configure:15038: $? = 0
configure:15519: checking for /home/raju/Projects/buildroot/output/host/bin/arm-none-linux-gnueabihf-g++ option to produce PIC
configure:15526: result: -fPIC -DPIC
configure:15534: checking if /home/raju/Projects/buildroot/output/host/bin/arm-none-linux-gnueabihf-g++ PIC flag -fPIC -DPIC works
configure:15552: /home/raju/Projects/buildroot/output/host/bin/arm-none-linux-gnueabihf-g++ -c -D_LARGEFILE_SOURCE -D_LARGEFILE64_SOURCE -D_FILE_OFFSET_BITS=64  -Os   -D_LARGEFILE_SOURCE -D_LARGEFILE64_SOURCE -D_FILE_OFFSET_BITS=64 -fPIC -DPIC -DPIC conftest.cpp >&5
configure:15556: $? = 0
configure:15569: result: yes
configure:15592: checking if /home/raju/Projects/buildroot/output/host/bin/arm-none-linux-gnueabihf-g++ static flag -static works
configure:15620: result: yes
configure:15632: checking if /home/raju/Projects/buildroot/output/host/bin/arm-none-linux-gnueabihf-g++ supports -c -o file.o
configure:15653: /home/raju/Projects/buildroot/output/host/bin/arm-none-linux-gnueabihf-g++ -c -D_LARGEFILE_SOURCE -D_LARGEFILE64_SOURCE -D_FILE_OFFSET_BITS=64  -Os   -D_LARGEFILE_SOURCE -D_LARGEFILE64_SOURCE -D_FILE_OFFSET_BITS=64 -o out/conftest2.o conftest.cpp >&5
configure:15657: $? = 0
configure:15679: result: yes
configure:15684: checking if /home/raju/Projects/buildroot/output/host/bin/arm-none-linux-gnueabihf-g++ supports -c -o file.o
configure:15731: result: yes
configure:15761: checking whether the /home/raju/Projects/buildroot/output/host/bin/arm-none-linux-gnueabihf-g++ linker (/home/raju/Projects/buildroot/output/host/bin/arm-none-linux-gnueabihf-ld) supports shared libraries
configure:15804: result: yes
configure:15945: checking dynamic linker characteristics
configure:16702: result: GNU/Linux ld.so
configure:16767: checking how to hardcode library paths into programs
configure:16792: result: immediate
configure:16862: checking for ANSI C header files
configure:16966: result: yes
configure:16976: checking for stdlib.h
configure:16976: result: yes
configure:16986: checking for GNU libc compatible malloc
configure:17020: result: yes
configure:17041: checking for ioctl
configure:17041: /home/raju/Projects/buildroot/output/host/bin/arm-none-linux-gnueabihf-gcc -o conftest -D_LARGEFILE_SOURCE -D_LARGEFILE64_SOURCE -D_FILE_OFFSET_BITS=64  -Os   -D_LARGEFILE_SOURCE -D_LARGEFILE64_SOURCE -D_FILE_OFFSET_BITS=64  conftest.c  >&5
configure:17041: $? = 0
configure:17041: result: yes
configure:17048: checking for asprintf
configure:17048: /home/raju/Projects/buildroot/output/host/bin/arm-none-linux-gnueabihf-gcc -o conftest -D_LARGEFILE_SOURCE -D_LARGEFILE64_SOURCE -D_FILE_OFFSET_BITS=64  -Os   -D_LARGEFILE_SOURCE -D_LARGEFILE64_SOURCE -D_FILE_OFFSET_BITS=64  conftest.c  >&5
configure:17048: $? = 0
configure:17048: result: yes
configure:17055: checking for scandir
configure:17055: /home/raju/Projects/buildroot/output/host/bin/arm-none-linux-gnueabihf-gcc -o conftest -D_LARGEFILE_SOURCE -D_LARGEFILE64_SOURCE -D_FILE_OFFSET_BITS=64  -Os   -D_LARGEFILE_SOURCE -D_LARGEFILE64_SOURCE -D_FILE_OFFSET_BITS=64  conftest.c  >&5
configure:17055: $? = 0
configure:17055: result: yes
configure:17062: checking for alphasort
configure:17062: /home/raju/Projects/buildroot/output/host/bin/arm-none-linux-gnueabihf-gcc -o conftest -D_LARGEFILE_SOURCE -D_LARGEFILE64_SOURCE -D_FILE_OFFSET_BITS=64  -Os   -D_LARGEFILE_SOURCE -D_LARGEFILE64_SOURCE -D_FILE_OFFSET_BITS=64  conftest.c  >&5
configure:17062: $? = 0
configure:17062: result: yes
configure:17069: checking for ppoll
configure:17069: /home/raju/Projects/buildroot/output/host/bin/arm-none-linux-gnueabihf-gcc -o conftest -D_LARGEFILE_SOURCE -D_LARGEFILE64_SOURCE -D_FILE_OFFSET_BITS=64  -Os   -D_LARGEFILE_SOURCE -D_LARGEFILE64_SOURCE -D_FILE_OFFSET_BITS=64  conftest.c  >&5
configure:17069: $? = 0
configure:17069: result: yes
configure:17078: checking getopt.h usability
configure:17078: /home/raju/Projects/buildroot/output/host/bin/arm-none-linux-gnueabihf-gcc -c -D_LARGEFILE_SOURCE -D_LARGEFILE64_SOURCE -D_FILE_OFFSET_BITS=64  -Os   -D_LARGEFILE_SOURCE -D_LARGEFILE64_SOURCE -D_FILE_OFFSET_BITS=64 conftest.c >&5
configure:17078: $? = 0
configure:17078: result: yes
configure:17078: checking getopt.h presence
configure:17078: /home/raju/Projects/buildroot/output/host/bin/arm-none-linux-gnueabihf-cpp -D_LARGEFILE_SOURCE -D_LARGEFILE64_SOURCE -D_FILE_OFFSET_BITS=64 conftest.c
configure:17078: $? = 0
configure:17078: result: yes
configure:17078: checking for getopt.h
configure:17078: result: yes
configure:17092: checking dirent.h usability
configure:17092: /home/raju/Projects/buildroot/output/host/bin/arm-none-linux-gnueabihf-gcc -c -D_LARGEFILE_SOURCE -D_LARGEFILE64_SOURCE -D_FILE_OFFSET_BITS=64  -Os   -D_LARGEFILE_SOURCE -D_LARGEFILE64_SOURCE -D_FILE_OFFSET_BITS=64 conftest.c >&5
configure:17092: $? = 0
configure:17092: result: yes
configure:17092: checking dirent.h presence
configure:17092: /home/raju/Projects/buildroot/output/host/bin/arm-none-linux-gnueabihf-cpp -D_LARGEFILE_SOURCE -D_LARGEFILE64_SOURCE -D_FILE_OFFSET_BITS=64 conftest.c
configure:17092: $? = 0
configure:17092: result: yes
configure:17092: checking for dirent.h
configure:17092: result: yes
configure:17106: checking sys/poll.h usability
configure:17106: /home/raju/Projects/buildroot/output/host/bin/arm-none-linux-gnueabihf-gcc -c -D_LARGEFILE_SOURCE -D_LARGEFILE64_SOURCE -D_FILE_OFFSET_BITS=64  -Os   -D_LARGEFILE_SOURCE -D_LARGEFILE64_SOURCE -D_FILE_OFFSET_BITS=64 conftest.c >&5
configure:17106: $? = 0
configure:17106: result: yes
configure:17106: checking sys/poll.h presence
configure:17106: /home/raju/Projects/buildroot/output/host/bin/arm-none-linux-gnueabihf-cpp -D_LARGEFILE_SOURCE -D_LARGEFILE64_SOURCE -D_FILE_OFFSET_BITS=64 conftest.c
configure:17106: $? = 0
configure:17106: result: yes
configure:17106: checking for sys/poll.h
configure:17106: result: yes
configure:17120: checking sys/sysmacros.h usability
configure:17120: /home/raju/Projects/buildroot/output/host/bin/arm-none-linux-gnueabihf-gcc -c -D_LARGEFILE_SOURCE -D_LARGEFILE64_SOURCE -D_FILE_OFFSET_BITS=64  -Os   -D_LARGEFILE_SOURCE -D_LARGEFILE64_SOURCE -D_FILE_OFFSET_BITS=64 conftest.c >&5
configure:17120: $? = 0
configure:17120: result: yes
configure:17120: checking sys/sysmacros.h presence
configure:17120: /home/raju/Projects/buildroot/output/host/bin/arm-none-linux-gnueabihf-cpp -D_LARGEFILE_SOURCE -D_LARGEFILE64_SOURCE -D_FILE_OFFSET_BITS=64 conftest.c
configure:17120: $? = 0
configure:17120: result: yes
configure:17120: checking for sys/sysmacros.h
configure:17120: result: yes
configure:17134: checking linux/gpio.h usability
configure:17134: /home/raju/Projects/buildroot/output/host/bin/arm-none-linux-gnueabihf-gcc -c -D_LARGEFILE_SOURCE -D_LARGEFILE64_SOURCE -D_FILE_OFFSET_BITS=64  -Os   -D_LARGEFILE_SOURCE -D_LARGEFILE64_SOURCE -D_FILE_OFFSET_BITS=64 conftest.c >&5
configure:17134: $? = 0
configure:17134: result: yes
configure:17134: checking linux/gpio.h presence
configure:17134: /home/raju/Projects/buildroot/output/host/bin/arm-none-linux-gnueabihf-cpp -D_LARGEFILE_SOURCE -D_LARGEFILE64_SOURCE -D_FILE_OFFSET_BITS=64 conftest.c
configure:17134: $? = 0
configure:17134: result: yes
configure:17134: checking for linux/gpio.h
configure:17134: result: yes
configure:17170: checking for basename
configure:17170: /home/raju/Projects/buildroot/output/host/bin/arm-none-linux-gnueabihf-gcc -o conftest -D_LARGEFILE_SOURCE -D_LARGEFILE64_SOURCE -D_FILE_OFFSET_BITS=64  -Os   -D_LARGEFILE_SOURCE -D_LARGEFILE64_SOURCE -D_FILE_OFFSET_BITS=64  conftest.c  >&5
configure:17170: $? = 0
configure:17170: result: yes
configure:17177: checking for daemon
configure:17177: /home/raju/Projects/buildroot/output/host/bin/arm-none-linux-gnueabihf-gcc -o conftest -D_LARGEFILE_SOURCE -D_LARGEFILE64_SOURCE -D_FILE_OFFSET_BITS=64  -Os   -D_LARGEFILE_SOURCE -D_LARGEFILE64_SOURCE -D_FILE_OFFSET_BITS=64  conftest.c  >&5
configure:17177: $? = 0
configure:17177: result: yes
configure:17184: checking for signalfd
configure:17184: /home/raju/Projects/buildroot/output/host/bin/arm-none-linux-gnueabihf-gcc -o conftest -D_LARGEFILE_SOURCE -D_LARGEFILE64_SOURCE -D_FILE_OFFSET_BITS=64  -Os   -D_LARGEFILE_SOURCE -D_LARGEFILE64_SOURCE -D_FILE_OFFSET_BITS=64  conftest.c  >&5
configure:17184: $? = 0
configure:17184: result: yes
configure:17191: checking for setlinebuf
configure:17191: /home/raju/Projects/buildroot/output/host/bin/arm-none-linux-gnueabihf-gcc -o conftest -D_LARGEFILE_SOURCE -D_LARGEFILE64_SOURCE -D_FILE_OFFSET_BITS=64  -Os   -D_LARGEFILE_SOURCE -D_LARGEFILE64_SOURCE -D_FILE_OFFSET_BITS=64  conftest.c  >&5
configure:17191: $? = 0
configure:17191: result: yes
configure:17200: checking sys/signalfd.h usability
configure:17200: /home/raju/Projects/buildroot/output/host/bin/arm-none-linux-gnueabihf-gcc -c -D_LARGEFILE_SOURCE -D_LARGEFILE64_SOURCE -D_FILE_OFFSET_BITS=64  -Os   -D_LARGEFILE_SOURCE -D_LARGEFILE64_SOURCE -D_FILE_OFFSET_BITS=64 conftest.c >&5
configure:17200: $? = 0
configure:17200: result: yes
configure:17200: checking sys/signalfd.h presence
configure:17200: /home/raju/Projects/buildroot/output/host/bin/arm-none-linux-gnueabihf-cpp -D_LARGEFILE_SOURCE -D_LARGEFILE64_SOURCE -D_FILE_OFFSET_BITS=64 conftest.c
configure:17200: $? = 0
configure:17200: result: yes
configure:17200: checking for sys/signalfd.h
configure:17200: result: yes
configure:17585: checking whether /home/raju/Projects/buildroot/output/host/bin/arm-none-linux-gnueabihf-g++ supports C++11 features by default
configure:17879: /home/raju/Projects/buildroot/output/host/bin/arm-none-linux-gnueabihf-g++ -c -D_LARGEFILE_SOURCE -D_LARGEFILE64_SOURCE -D_FILE_OFFSET_BITS=64  -Os   -D_LARGEFILE_SOURCE -D_LARGEFILE64_SOURCE -D_FILE_OFFSET_BITS=64 conftest.cpp >&5
conftest.cpp:11: warning: "_GNU_SOURCE" redefined
   11 | #define _GNU_SOURCE /**/
      | 
<command-line>: note: this is the location of the previous definition
configure:17879: $? = 0
configure:17886: result: yes
configure:18532: checking for doxygen
configure:18560: result: false
configure:18578: doxygen not found - documentation cannot be generated
configure:18749: checking that generated files are newer than configure
configure:18755: result: done
configure:18810: creating ./config.status

## ---------------------- ##
## Running config.status. ##
## ---------------------- ##

This file was extended by libgpiod config.status 1.4.1, which was
generated by GNU Autoconf 2.69.  Invocation command line was

  CONFIG_FILES    = 
  CONFIG_HEADERS  = 
  CONFIG_LINKS    = 
  CONFIG_COMMANDS = 
  $ ./config.status 

on Raju-Mac

config.status:1211: creating libgpiod.pc
config.status:1211: creating Makefile
config.status:1211: creating include/Makefile
config.status:1211: creating lib/Makefile
config.status:1211: creating tools/Makefile
config.status:1211: creating tests/Makefile
config.status:1211: creating tests/mockup/Makefile
config.status:1211: creating bindings/cxx/libgpiodcxx.pc
config.status:1211: creating bindings/Makefile
config.status:1211: creating bindings/cxx/Makefile
config.status:1211: creating bindings/cxx/examples/Makefile
config.status:1211: creating bindings/python/Makefile
config.status:1211: creating bindings/python/examples/Makefile
config.status:1211: creating man/Makefile
config.status:1211: creating config.h
config.status:1440: executing depfiles commands
config.status:1440: executing libtool commands
configure:21227: WARNING: unrecognized options: --disable-gtk-doc, --disable-gtk-doc-html, --disable-doc, --disable-docs, --disable-documentation, --with-xmlto, --with-fop, --enable-ipv6, --disable-nls

## ---------------- ##
## Cache variables. ##
## ---------------- ##

ac_cv_build=x86_64-pc-linux-gnu
ac_cv_c_bigendian=no
ac_cv_c_compiler_gnu=yes
ac_cv_cxx_compiler_gnu=yes
ac_cv_env_CCC_set=
ac_cv_env_CCC_value=
ac_cv_env_CC_set=set
ac_cv_env_CC_value=/home/raju/Projects/buildroot/output/host/bin/arm-none-linux-gnueabihf-gcc
ac_cv_env_CFLAGS_set=set
ac_cv_env_CFLAGS_value='-D_LARGEFILE_SOURCE -D_LARGEFILE64_SOURCE -D_FILE_OFFSET_BITS=64  -Os  '
ac_cv_env_CPPFLAGS_set=set
ac_cv_env_CPPFLAGS_value='-D_LARGEFILE_SOURCE -D_LARGEFILE64_SOURCE -D_FILE_OFFSET_BITS=64'
ac_cv_env_CPP_set=set
ac_cv_env_CPP_value=/home/raju/Projects/buildroot/output/host/bin/arm-none-linux-gnueabihf-cpp
ac_cv_env_CXXCPP_set=
ac_cv_env_CXXCPP_value=
ac_cv_env_CXXFLAGS_set=set
ac_cv_env_CXXFLAGS_value='-D_LARGEFILE_SOURCE -D_LARGEFILE64_SOURCE -D_FILE_OFFSET_BITS=64  -Os  '
ac_cv_env_CXX_set=set
ac_cv_env_CXX_value=/home/raju/Projects/buildroot/output/host/bin/arm-none-linux-gnueabihf-g++
ac_cv_env_KMOD_CFLAGS_set=
ac_cv_env_KMOD_CFLAGS_value=
ac_cv_env_KMOD_LIBS_set=
ac_cv_env_KMOD_LIBS_value=
ac_cv_env_LDFLAGS_set=set
ac_cv_env_LDFLAGS_value=
ac_cv_env_LIBS_set=
ac_cv_env_LIBS_value=
ac_cv_env_LT_SYS_LIBRARY_PATH_set=
ac_cv_env_LT_SYS_LIBRARY_PATH_value=
ac_cv_env_PKG_CONFIG_LIBDIR_set=
ac_cv_env_PKG_CONFIG_LIBDIR_value=
ac_cv_env_PKG_CONFIG_PATH_set=
ac_cv_env_PKG_CONFIG_PATH_value=
ac_cv_env_PKG_CONFIG_set=set
ac_cv_env_PKG_CONFIG_value=/home/raju/Projects/buildroot/output/host/bin/pkg-config
ac_cv_env_PYTHON_CPPFLAGS_set=
ac_cv_env_PYTHON_CPPFLAGS_value=
ac_cv_env_PYTHON_LIBS_set=
ac_cv_env_PYTHON_LIBS_value=
ac_cv_env_PYTHON_set=
ac_cv_env_PYTHON_value=
ac_cv_env_UDEV_CFLAGS_set=
ac_cv_env_UDEV_CFLAGS_value=
ac_cv_env_UDEV_LIBS_set=
ac_cv_env_UDEV_LIBS_value=
ac_cv_env_build_alias_set=set
ac_cv_env_build_alias_value=x86_64-pc-linux-gnu
ac_cv_env_host_alias_set=set
ac_cv_env_host_alias_value=arm-buildroot-linux-gnueabihf
ac_cv_env_target_alias_set=set
ac_cv_env_target_alias_value=arm-buildroot-linux-gnueabihf
ac_cv_func_alphasort=yes
ac_cv_func_asprintf=yes
ac_cv_func_basename=yes
ac_cv_func_calloc_0_nonnull=yes
ac_cv_func_daemon=yes
ac_cv_func_ioctl=yes
ac_cv_func_malloc_0_nonnull=yes
ac_cv_func_memcmp_working=yes
ac_cv_func_mmap_fixed_mapped=yes
ac_cv_func_ppoll=yes
ac_cv_func_realloc_0_nonnull=yes
ac_cv_func_scandir=yes
ac_cv_func_setlinebuf=yes
ac_cv_func_signalfd=yes
ac_cv_have_decl_malloc=yes
ac_cv_header_dirent_h=yes
ac_cv_header_dlfcn_h=yes
ac_cv_header_getopt_h=yes
ac_cv_header_inttypes_h=yes
ac_cv_header_linux_gpio_h=yes
ac_cv_header_memory_h=yes
ac_cv_header_stdc=yes
ac_cv_header_stdint_h=yes
ac_cv_header_stdlib_h=yes
ac_cv_header_string_h=yes
ac_cv_header_strings_h=yes
ac_cv_header_sys_poll_h=yes
ac_cv_header_sys_signalfd_h=yes
ac_cv_header_sys_stat_h=yes
ac_cv_header_sys_sysmacros_h=yes
ac_cv_header_sys_types_h=yes
ac_cv_header_unistd_h=yes
ac_cv_host=arm-buildroot-linux-gnueabihf
ac_cv_lbl_unaligned_fail=yes
ac_cv_objext=o
ac_cv_path_EGREP='/bin/grep -E'
ac_cv_path_FGREP='/bin/grep -F'
ac_cv_path_GREP=/bin/grep
ac_cv_path_SED=/bin/sed
ac_cv_path_install='/usr/bin/install -c'
ac_cv_path_lt_DD=/bin/dd
ac_cv_path_mkdir=/bin/mkdir
ac_cv_prog_AR=/home/raju/Projects/buildroot/output/host/bin/arm-none-linux-gnueabihf-ar
ac_cv_prog_AWK=mawk
ac_cv_prog_CC=/home/raju/Projects/buildroot/output/host/bin/arm-none-linux-gnueabihf-gcc
ac_cv_prog_CPP=/home/raju/Projects/buildroot/output/host/bin/arm-none-linux-gnueabihf-cpp
ac_cv_prog_CXXCPP='/home/raju/Projects/buildroot/output/host/bin/arm-none-linux-gnueabihf-g++ -E'
ac_cv_prog_OBJDUMP=/home/raju/Projects/buildroot/output/host/bin/arm-none-linux-gnueabihf-objdump
ac_cv_prog_RANLIB=/home/raju/Projects/buildroot/output/host/bin/arm-none-linux-gnueabihf-ranlib
ac_cv_prog_STRIP=/home/raju/Projects/buildroot/output/host/bin/arm-none-linux-gnueabihf-strip
ac_cv_prog_ac_ct_MANIFEST_TOOL=mt
ac_cv_prog_cc_c89=
ac_cv_prog_cc_g=yes
ac_cv_prog_cxx_g=yes
ac_cv_prog_has_doxygen=false
ac_cv_prog_make_make_set=yes
am_cv_CC_dependencies_compiler_type=none
am_cv_CXX_dependencies_compiler_type=none
am_cv_ar_interface=ar
am_cv_make_support_nested_variables=yes
am_cv_prog_cc_c_o=yes
ax_cv_cxx_compile_cxx11=yes
gl_cv_func_malloc_0_nonnull=yes
lt_cv_ar_at_file=@
lt_cv_archive_cmds_need_lc=no
lt_cv_deplibs_check_method=pass_all
lt_cv_file_magic_cmd='$MAGIC_CMD'
lt_cv_file_magic_test_file=
lt_cv_ld_reload_flag=-r
lt_cv_nm_interface='BSD nm'
lt_cv_objdir=.libs
lt_cv_path_LD=/home/raju/Projects/buildroot/output/host/bin/arm-none-linux-gnueabihf-ld
lt_cv_path_LDCXX=/home/raju/Projects/buildroot/output/host/bin/arm-none-linux-gnueabihf-ld
lt_cv_path_NM=/home/raju/Projects/buildroot/output/host/bin/arm-none-linux-gnueabihf-nm
lt_cv_path_mainfest_tool=no
lt_cv_prog_compiler_c_o=yes
lt_cv_prog_compiler_c_o_CXX=yes
lt_cv_prog_compiler_pic='-fPIC -DPIC'
lt_cv_prog_compiler_pic_CXX='-fPIC -DPIC'
lt_cv_prog_compiler_pic_works=yes
lt_cv_prog_compiler_pic_works_CXX=yes
lt_cv_prog_compiler_rtti_exceptions=no
lt_cv_prog_compiler_static_works=yes
lt_cv_prog_compiler_static_works_CXX=yes
lt_cv_prog_gnu_ld=yes
lt_cv_prog_gnu_ldcxx=yes
lt_cv_sharedlib_from_linklib_cmd='printf %s\n'
lt_cv_shlibpath_overrides_runpath=no
lt_cv_sys_global_symbol_pipe='sed -n -e '\''s/^.*[	 ]\([ABCDGIRSTW][ABCDGIRSTW]*\)[	 ][	 ]*\([_A-Za-z][_A-Za-z0-9]*\)$/\1 \2 \2/p'\'' | sed '\''/ __gnu_lto/d'\'''
lt_cv_sys_global_symbol_to_c_name_address='sed -n -e '\''s/^: \(.*\) .*$/  {"\1", (void *) 0},/p'\'' -e '\''s/^[ABCDGIRSTW][ABCDGIRSTW]* .* \(.*\)$/  {"\1", (void *) \&\1},/p'\'''
lt_cv_sys_global_symbol_to_c_name_address_lib_prefix='sed -n -e '\''s/^: \(.*\) .*$/  {"\1", (void *) 0},/p'\'' -e '\''s/^[ABCDGIRSTW][ABCDGIRSTW]* .* \(lib.*\)$/  {"\1", (void *) \&\1},/p'\'' -e '\''s/^[ABCDGIRSTW][ABCDGIRSTW]* .* \(.*\)$/  {"lib\1", (void *) \&\1},/p'\'''
lt_cv_sys_global_symbol_to_cdecl='sed -n -e '\''s/^T .* \(.*\)$/extern int \1();/p'\'' -e '\''s/^[ABCDGIRSTW][ABCDGIRSTW]* .* \(.*\)$/extern char \1;/p'\'''
lt_cv_sys_global_symbol_to_import=
lt_cv_sys_lib_search_path_spec=
lt_cv_sys_max_cmd_len=1572864
lt_cv_to_host_file_cmd=func_convert_file_noop
lt_cv_to_tool_file_cmd=func_convert_file_noop
lt_cv_truncate_bin='/bin/dd bs=4096 count=1'

## ----------------- ##
## Output variables. ##
## ----------------- ##

ABI_CXX_VERSION='1.3.0'
ABI_MOCKUP_VERSION='0.0.0'
ABI_VERSION='3.1.1'
ACLOCAL='${SHELL} /home/raju/Projects/buildroot/output/build/libgpiod-1.4.1/autostuff/missing aclocal-1.16'
AMDEPBACKSLASH=''
AMDEP_FALSE=''
AMDEP_TRUE='#'
AMTAR='$${TAR-tar}'
AM_BACKSLASH='\'
AM_DEFAULT_V='$(AM_DEFAULT_VERBOSITY)'
AM_DEFAULT_VERBOSITY='0'
AM_V='$(V)'
AR='/home/raju/Projects/buildroot/output/host/bin/arm-none-linux-gnueabihf-ar'
AR_FLAGS='cr'
AUTOCONF='${SHELL} /home/raju/Projects/buildroot/output/build/libgpiod-1.4.1/autostuff/missing autoconf'
AUTOHEADER='${SHELL} /home/raju/Projects/buildroot/output/build/libgpiod-1.4.1/autostuff/missing autoheader'
AUTOMAKE='${SHELL} /home/raju/Projects/buildroot/output/build/libgpiod-1.4.1/autostuff/missing automake-1.16'
AWK='mawk'
CC='/home/raju/Projects/buildroot/output/host/bin/arm-none-linux-gnueabihf-gcc'
CCDEPMODE='depmode=none'
CFLAGS='-D_LARGEFILE_SOURCE -D_LARGEFILE64_SOURCE -D_FILE_OFFSET_BITS=64  -Os  '
CPP='/home/raju/Projects/buildroot/output/host/bin/arm-none-linux-gnueabihf-cpp'
CPPFLAGS='-D_LARGEFILE_SOURCE -D_LARGEFILE64_SOURCE -D_FILE_OFFSET_BITS=64'
CXX='/home/raju/Projects/buildroot/output/host/bin/arm-none-linux-gnueabihf-g++'
CXXCPP='/home/raju/Projects/buildroot/output/host/bin/arm-none-linux-gnueabihf-g++ -E'
CXXDEPMODE='depmode=none'
CXXFLAGS='-D_LARGEFILE_SOURCE -D_LARGEFILE64_SOURCE -D_FILE_OFFSET_BITS=64  -Os  '
CYGPATH_W='echo'
DEFS='-DHAVE_CONFIG_H'
DEPDIR='.deps'
DLLTOOL='false'
DSYMUTIL=''
DUMPBIN=''
ECHO_C=''
ECHO_N='-n'
ECHO_T=''
EGREP='/bin/grep -E'
EXEEXT=''
EXTRA_VERSION=''
FGREP='/bin/grep -F'
GREP='/bin/grep'
HAS_DOXYGEN_FALSE=''
HAS_DOXYGEN_TRUE='#'
HAVE_CXX11='1'
INSTALL_DATA='${INSTALL} -m 644'
INSTALL_PROGRAM='${INSTALL}'
INSTALL_SCRIPT='${INSTALL}'
INSTALL_STRIP_PROGRAM='$(install_sh) -c -s'
KMOD_CFLAGS=''
KMOD_LIBS=''
LD='/home/raju/Projects/buildroot/output/host/bin/arm-none-linux-gnueabihf-ld'
LDFLAGS=''
LIBOBJS=''
LIBS=''
LIBTOOL='$(SHELL) $(top_builddir)/libtool'
LIPO=''
LN_S='ln -s'
LTLIBOBJS=''
LT_SYS_LIBRARY_PATH=''
MAKEINFO='${SHELL} /home/raju/Projects/buildroot/output/build/libgpiod-1.4.1/autostuff/missing makeinfo'
MANIFEST_TOOL=':'
MKDIR_P='/bin/mkdir -p'
NM='/home/raju/Projects/buildroot/output/host/bin/arm-none-linux-gnueabihf-nm'
NMEDIT=''
OBJDUMP='/home/raju/Projects/buildroot/output/host/bin/arm-none-linux-gnueabihf-objdump'
OBJEXT='o'
OTOOL64=''
OTOOL=''
PACKAGE='libgpiod'
PACKAGE_BUGREPORT=''
PACKAGE_NAME='libgpiod'
PACKAGE_STRING='libgpiod 1.4.1'
PACKAGE_TARNAME='libgpiod'
PACKAGE_URL=''
PACKAGE_VERSION='1.4.1'
PATH_SEPARATOR=':'
PKG_CONFIG='/home/raju/Projects/buildroot/output/host/bin/pkg-config'
PKG_CONFIG_LIBDIR=''
PKG_CONFIG_PATH=''
PYTHON=''
PYTHON_CPPFLAGS=''
PYTHON_EXEC_PREFIX=''
PYTHON_LIBS=''
PYTHON_PLATFORM=''
PYTHON_PREFIX=''
PYTHON_VERSION=''
RANLIB='/home/raju/Projects/buildroot/output/host/bin/arm-none-linux-gnueabihf-ranlib'
SED='/bin/sed'
SET_MAKE=''
SHELL='/bin/bash'
STRIP='/home/raju/Projects/buildroot/output/host/bin/arm-none-linux-gnueabihf-strip'
UDEV_CFLAGS=''
UDEV_LIBS=''
VERSION='1.4.1'
VERSION_STR='1.4.1'
WITH_BINDINGS_CXX_FALSE='#'
WITH_BINDINGS_CXX_TRUE=''
WITH_BINDINGS_PYTHON_FALSE=''
WITH_BINDINGS_PYTHON_TRUE='#'
WITH_MANPAGES_FALSE=''
WITH_MANPAGES_TRUE='#'
WITH_TESTS_FALSE=''
WITH_TESTS_TRUE='#'
WITH_TOOLS_FALSE='#'
WITH_TOOLS_TRUE=''
ac_ct_AR=''
ac_ct_CC=''
ac_ct_CXX=''
ac_ct_DUMPBIN=''
am__EXEEXT_FALSE=''
am__EXEEXT_TRUE='#'
am__fastdepCC_FALSE=''
am__fastdepCC_TRUE='#'
am__fastdepCXX_FALSE=''
am__fastdepCXX_TRUE='#'
am__include='include'
am__isrc=''
am__leading_dot='.'
am__nodep=''
am__quote=''
am__tar='$${TAR-tar} chof - "$$tardir"'
am__untar='$${TAR-tar} xf -'
bindir='${exec_prefix}/bin'
build='x86_64-pc-linux-gnu'
build_alias='x86_64-pc-linux-gnu'
build_cpu='x86_64'
build_os='linux-gnu'
build_vendor='pc'
datadir='${datarootdir}'
datarootdir='${prefix}/share'
docdir='${datarootdir}/doc/${PACKAGE_TARNAME}'
dvidir='${docdir}'
exec_prefix='/usr'
has_doxygen='false'
has_help2man=''
host='arm-buildroot-linux-gnueabihf'
host_alias='arm-buildroot-linux-gnueabihf'
host_cpu='arm'
host_os='linux-gnueabihf'
host_vendor='buildroot'
htmldir='${docdir}'
includedir='${prefix}/include'
infodir='${datarootdir}/info'
install_sh='${SHELL} /home/raju/Projects/buildroot/output/build/libgpiod-1.4.1/autostuff/install-sh'
libdir='${exec_prefix}/lib'
libexecdir='${exec_prefix}/libexec'
localedir='${datarootdir}/locale'
localstatedir='/var'
mandir='${datarootdir}/man'
mkdir_p='$(MKDIR_P)'
oldincludedir='/usr/include'
pdfdir='${docdir}'
pkgpyexecdir=''
pkgpythondir=''
prefix='/usr'
program_transform_name='s&^&&'
psdir='${docdir}'
pyexecdir=''
pythondir=''
runstatedir='${localstatedir}/run'
sbindir='${exec_prefix}/sbin'
sharedstatedir='${prefix}/com'
sysconfdir='/etc'
target_alias='arm-buildroot-linux-gnueabihf'

## ----------- ##
## confdefs.h. ##
## ----------- ##

/* confdefs.h */
#define PACKAGE_NAME "libgpiod"
#define PACKAGE_TARNAME "libgpiod"
#define PACKAGE_VERSION "1.4.1"
#define PACKAGE_STRING "libgpiod 1.4.1"
#define PACKAGE_BUGREPORT ""
#define PACKAGE_URL ""
#define GPIOD_VERSION_STR "1.4.1"
#define PACKAGE "libgpiod"
#define VERSION "1.4.1"
#define _GNU_SOURCE /**/
#define STDC_HEADERS 1
#define HAVE_SYS_TYPES_H 1
#define HAVE_SYS_STAT_H 1
#define HAVE_STDLIB_H 1
#define HAVE_STRING_H 1
#define HAVE_MEMORY_H 1
#define HAVE_STRINGS_H 1
#define HAVE_INTTYPES_H 1
#define HAVE_STDINT_H 1
#define HAVE_UNISTD_H 1
#define HAVE_DLFCN_H 1
#define LT_OBJDIR ".libs/"
#define STDC_HEADERS 1
#define HAVE_STDLIB_H 1
#define HAVE_MALLOC 1
#define HAVE_GETOPT_H 1
#define HAVE_DIRENT_H 1
#define HAVE_SYS_POLL_H 1
#define HAVE_SYS_SYSMACROS_H 1
#define HAVE_LINUX_GPIO_H 1
#define HAVE_SYS_SIGNALFD_H 1
#define HAVE_CXX11 1

configure: exit 0
